# JRE version: OpenJDK Runtime Environment Temurin-21.0.6+7 (21.0.6+7) (build 21.0.6+7-LTS)
# Java VM: OpenJDK 64-Bit Server VM Temurin-21.0.6+7 (21.0.6+7-LTS, mixed mode, sharing, tiered, compressed oops, compressed class ptrs, parallel gc, windows-amd64)
GC Precious Log:
 CardTable entry size: 512
 CPUs: 8 total, 8 available
 Memory: 7939M
 Large Page Support: Disabled
 NUMA Support: Disabled
 Compressed Oops: Enabled (32-bit)
 Alignments: Space 512K, Generation 512K, Heap 2M
 Heap Min Capacity: 100M
 Heap Initial Capacity: 100M
 Heap Max Capacity: 1G
 Pre-touch: Disabled
 Parallel Workers: 8
Heap:
 PSYoungGen      total 5632K, used 2889K [0x00000000eab00000, 0x00000000eb300000, 0x0000000100000000)
  eden space 4608K, 57% used [0x00000000eab00000,0x00000000ead92470,0x00000000eaf80000)
  from space 1024K, 25% used [0x00000000eb180000,0x00000000eb1c0000,0x00000000eb280000)
  to   space 512K, 0% used [0x00000000eb280000,0x00000000eb280000,0x00000000eb300000)
 ParOldGen       total 77312K, used 54585K [0x00000000c0000000, 0x00000000c4b80000, 0x00000000eab00000)
  object space 77312K, 70% used [0x00000000c0000000,0x00000000c354e558,0x00000000c4b80000)
 Metaspace       used 64031K, committed 65472K, reserved 1114112K
  class space    used 7800K, committed 8448K, reserved 1048576K
GC Heap History (20 events):
Event: 94.186 GC heap before
{Heap before GC invocations=186 (full 3):
 PSYoungGen      total 5632K, used 5510K [0x00000000eab00000, 0x00000000eb180000, 0x0000000100000000)
  eden space 4608K, 100% used [0x00000000eab00000,0x00000000eaf80000,0x00000000eaf80000)
  from space 1024K, 88% used [0x00000000eb080000,0x00000000eb161978,0x00000000eb180000)
  to   space 1024K, 0% used [0x00000000eaf80000,0x00000000eaf80000,0x00000000eb080000)
 ParOldGen       total 245760K, used 245433K [0x00000000c0000000, 0x00000000cf000000, 0x00000000eab00000)
  object space 245760K, 99% used [0x00000000c0000000,0x00000000cefae7e8,0x00000000cf000000)
 Metaspace       used 63517K, committed 64832K, reserved 1114112K
  class space    used 7724K, committed 8320K, reserved 1048576K
}
Event: 94.190 GC heap after
{Heap after GC invocations=186 (full 3):
 PSYoungGen      total 5632K, used 1024K [0x00000000eab00000, 0x00000000eb480000, 0x0000000100000000)
  eden space 4608K, 0% used [0x00000000eab00000,0x00000000eab00000,0x00000000eaf80000)
  from space 1024K, 100% used [0x00000000eaf80000,0x00000000eb080000,0x00000000eb080000)
  to   space 2560K, 0% used [0x00000000eb200000,0x00000000eb200000,0x00000000eb480000)
 ParOldGen       total 246784K, used 246585K [0x00000000c0000000, 0x00000000cf100000, 0x00000000eab00000)
  object space 246784K, 99% used [0x00000000c0000000,0x00000000cf0ce468,0x00000000cf100000)
 Metaspace       used 63517K, committed 64832K, reserved 1114112K
  class space    used 7724K, committed 8320K, reserved 1048576K
}
Event: 94.251 GC heap before
{Heap before GC invocations=187 (full 3):
 PSYoungGen      total 5632K, used 5631K [0x00000000eab00000, 0x00000000eb480000, 0x0000000100000000)
  eden space 4608K, 99% used [0x00000000eab00000,0x00000000eaf7fe10,0x00000000eaf80000)
  from space 1024K, 100% used [0x00000000eaf80000,0x00000000eb080000,0x00000000eb080000)
  to   space 2560K, 0% used [0x00000000eb200000,0x00000000eb200000,0x00000000eb480000)
 ParOldGen       total 246784K, used 246585K [0x00000000c0000000, 0x00000000cf100000, 0x00000000eab00000)
  object space 246784K, 99% used [0x00000000c0000000,0x00000000cf0ce468,0x00000000cf100000)
 Metaspace       used 63522K, committed 64832K, reserved 1114112K
  class space    used 7725K, committed 8320K, reserved 1048576K
}
Event: 94.258 GC heap after
{Heap after GC invocations=187 (full 3):
 PSYoungGen      total 7168K, used 2531K [0x00000000eab00000, 0x00000000eb480000, 0x0000000100000000)
  eden space 4608K, 0% used [0x00000000eab00000,0x00000000eab00000,0x00000000eaf80000)
  from space 2560K, 98% used [0x00000000eb200000,0x00000000eb478d18,0x00000000eb480000)
  to   space 1024K, 0% used [0x00000000eaf80000,0x00000000eaf80000,0x00000000eb080000)
 ParOldGen       total 249344K, used 249239K [0x00000000c0000000, 0x00000000cf380000, 0x00000000eab00000)
  object space 249344K, 99% used [0x00000000c0000000,0x00000000cf365d18,0x00000000cf380000)
 Metaspace       used 63522K, committed 64832K, reserved 1114112K
  class space    used 7725K, committed 8320K, reserved 1048576K
}
Event: 94.299 GC heap before
{Heap before GC invocations=188 (full 3):
 PSYoungGen      total 7168K, used 7139K [0x00000000eab00000, 0x00000000eb480000, 0x0000000100000000)
  eden space 4608K, 100% used [0x00000000eab00000,0x00000000eaf80000,0x00000000eaf80000)
  from space 2560K, 98% used [0x00000000eb200000,0x00000000eb478d18,0x00000000eb480000)
  to   space 1024K, 0% used [0x00000000eaf80000,0x00000000eaf80000,0x00000000eb080000)
 ParOldGen       total 249344K, used 249239K [0x00000000c0000000, 0x00000000cf380000, 0x00000000eab00000)
  object space 249344K, 99% used [0x00000000c0000000,0x00000000cf365d18,0x00000000cf380000)
 Metaspace       used 63529K, committed 64832K, reserved 1114112K
  class space    used 7725K, committed 8320K, reserved 1048576K
}
Event: 94.305 GC heap after
{Heap after GC invocations=188 (full 3):
 PSYoungGen      total 7168K, used 7139K [0x00000000eab00000, 0x00000000eb480000, 0x0000000100000000)
  eden space 4608K, 100% used [0x00000000eab00000,0x00000000eaf80000,0x00000000eaf80000)
  from space 2560K, 98% used [0x00000000eb200000,0x00000000eb478d18,0x00000000eb480000)
  to   space 1024K, 97% used [0x00000000eaf80000,0x00000000eb07a168,0x00000000eb080000)
 ParOldGen       total 252416K, used 251985K [0x00000000c0000000, 0x00000000cf680000, 0x00000000eab00000)
  object space 252416K, 99% used [0x00000000c0000000,0x00000000cf6144a0,0x00000000cf680000)
 Metaspace       used 63529K, committed 64832K, reserved 1114112K
  class space    used 7725K, committed 8320K, reserved 1048576K
}
Event: 94.305 GC heap before
{Heap before GC invocations=189 (full 4):
 PSYoungGen      total 7168K, used 7139K [0x00000000eab00000, 0x00000000eb480000, 0x0000000100000000)
  eden space 4608K, 100% used [0x00000000eab00000,0x00000000eaf80000,0x00000000eaf80000)
  from space 2560K, 98% used [0x00000000eb200000,0x00000000eb478d18,0x00000000eb480000)
  to   space 1024K, 97% used [0x00000000eaf80000,0x00000000eb07a168,0x00000000eb080000)
 ParOldGen       total 252416K, used 251985K [0x00000000c0000000, 0x00000000cf680000, 0x00000000eab00000)
  object space 252416K, 99% used [0x00000000c0000000,0x00000000cf6144a0,0x00000000cf680000)
 Metaspace       used 63529K, committed 64832K, reserved 1114112K
  class space    used 7725K, committed 8320K, reserved 1048576K
}
Event: 94.445 GC heap after
{Heap after GC invocations=189 (full 4):
 PSYoungGen      total 5632K, used 0K [0x00000000eab00000, 0x00000000ebb80000, 0x0000000100000000)
  eden space 4608K, 0% used [0x00000000eab00000,0x00000000eab00000,0x00000000eaf80000)
  from space 1024K, 0% used [0x00000000eaf80000,0x00000000eaf80000,0x00000000eb080000)
  to   space 6144K, 0% used [0x00000000eb580000,0x00000000eb580000,0x00000000ebb80000)
 ParOldGen       total 77312K, used 49331K [0x00000000c0000000, 0x00000000c4b80000, 0x00000000eab00000)
  object space 77312K, 63% used [0x00000000c0000000,0x00000000c302cdc0,0x00000000c4b80000)
 Metaspace       used 63529K, committed 64832K, reserved 1114112K
  class space    used 7725K, committed 8320K, reserved 1048576K
}
Event: 94.988 GC heap before
{Heap before GC invocations=190 (full 4):
 PSYoungGen      total 5632K, used 4608K [0x00000000eab00000, 0x00000000ebb80000, 0x0000000100000000)
  eden space 4608K, 100% used [0x00000000eab00000,0x00000000eaf80000,0x00000000eaf80000)
  from space 1024K, 0% used [0x00000000eaf80000,0x00000000eaf80000,0x00000000eb080000)
  to   space 6144K, 0% used [0x00000000eb580000,0x00000000eb580000,0x00000000ebb80000)
 ParOldGen       total 77312K, used 49331K [0x00000000c0000000, 0x00000000c4b80000, 0x00000000eab00000)
  object space 77312K, 63% used [0x00000000c0000000,0x00000000c302cdc0,0x00000000c4b80000)
 Metaspace       used 63562K, committed 64896K, reserved 1114112K
  class space    used 7726K, committed 8320K, reserved 1048576K
}
Event: 94.990 GC heap after
{Heap after GC invocations=190 (full 4):
 PSYoungGen      total 7168K, used 2090K [0x00000000eab00000, 0x00000000eb800000, 0x0000000100000000)
  eden space 4608K, 0% used [0x00000000eab00000,0x00000000eab00000,0x00000000eaf80000)
  from space 2560K, 81% used [0x00000000eb580000,0x00000000eb78a950,0x00000000eb800000)
  to   space 3584K, 0% used [0x00000000eb100000,0x00000000eb100000,0x00000000eb480000)
 ParOldGen       total 77312K, used 49339K [0x00000000c0000000, 0x00000000c4b80000, 0x00000000eab00000)
  object space 77312K, 63% used [0x00000000c0000000,0x00000000c302edc0,0x00000000c4b80000)
 Metaspace       used 63562K, committed 64896K, reserved 1114112K
  class space    used 7726K, committed 8320K, reserved 1048576K
}
Event: 95.144 GC heap before
{Heap before GC invocations=191 (full 4):
 PSYoungGen      total 7168K, used 6698K [0x00000000eab00000, 0x00000000eb800000, 0x0000000100000000)
  eden space 4608K, 100% used [0x00000000eab00000,0x00000000eaf80000,0x00000000eaf80000)
  from space 2560K, 81% used [0x00000000eb580000,0x00000000eb78a950,0x00000000eb800000)
  to   space 3584K, 0% used [0x00000000eb100000,0x00000000eb100000,0x00000000eb480000)
 ParOldGen       total 77312K, used 49339K [0x00000000c0000000, 0x00000000c4b80000, 0x00000000eab00000)
  object space 77312K, 63% used [0x00000000c0000000,0x00000000c302edc0,0x00000000c4b80000)
 Metaspace       used 63562K, committed 64896K, reserved 1114112K
  class space    used 7726K, committed 8320K, reserved 1048576K
}
Event: 95.147 GC heap after
{Heap after GC invocations=191 (full 4):
 PSYoungGen      total 7168K, used 2277K [0x00000000eab00000, 0x00000000eb600000, 0x0000000100000000)
  eden space 4608K, 0% used [0x00000000eab00000,0x00000000eab00000,0x00000000eaf80000)
  from space 2560K, 88% used [0x00000000eb100000,0x00000000eb3395e0,0x00000000eb380000)
  to   space 2560K, 0% used [0x00000000eb380000,0x00000000eb380000,0x00000000eb600000)
 ParOldGen       total 77312K, used 51277K [0x00000000c0000000, 0x00000000c4b80000, 0x00000000eab00000)
  object space 77312K, 66% used [0x00000000c0000000,0x00000000c32136e0,0x00000000c4b80000)
 Metaspace       used 63562K, committed 64896K, reserved 1114112K
  class space    used 7726K, committed 8320K, reserved 1048576K
}
Event: 96.070 GC heap before
{Heap before GC invocations=192 (full 4):
 PSYoungGen      total 7168K, used 6885K [0x00000000eab00000, 0x00000000eb600000, 0x0000000100000000)
  eden space 4608K, 99% used [0x00000000eab00000,0x00000000eaf7fe38,0x00000000eaf80000)
  from space 2560K, 88% used [0x00000000eb100000,0x00000000eb3395e0,0x00000000eb380000)
  to   space 2560K, 0% used [0x00000000eb380000,0x00000000eb380000,0x00000000eb600000)
 ParOldGen       total 77312K, used 51277K [0x00000000c0000000, 0x00000000c4b80000, 0x00000000eab00000)
  object space 77312K, 66% used [0x00000000c0000000,0x00000000c32136e0,0x00000000c4b80000)
 Metaspace       used 63589K, committed 64896K, reserved 1114112K
  class space    used 7729K, committed 8320K, reserved 1048576K
}
Event: 96.074 GC heap after
{Heap after GC invocations=192 (full 4):
 PSYoungGen      total 6656K, used 1885K [0x00000000eab00000, 0x00000000eb580000, 0x0000000100000000)
  eden space 4608K, 0% used [0x00000000eab00000,0x00000000eab00000,0x00000000eaf80000)
  from space 2048K, 92% used [0x00000000eb380000,0x00000000eb557688,0x00000000eb580000)
  to   space 2048K, 0% used [0x00000000eb180000,0x00000000eb180000,0x00000000eb380000)
 ParOldGen       total 77312K, used 52212K [0x00000000c0000000, 0x00000000c4b80000, 0x00000000eab00000)
  object space 77312K, 67% used [0x00000000c0000000,0x00000000c32fd0f8,0x00000000c4b80000)
 Metaspace       used 63589K, committed 64896K, reserved 1114112K
  class space    used 7729K, committed 8320K, reserved 1048576K
}
Event: 96.519 GC heap before
{Heap before GC invocations=193 (full 4):
 PSYoungGen      total 6656K, used 6493K [0x00000000eab00000, 0x00000000eb580000, 0x0000000100000000)
  eden space 4608K, 100% used [0x00000000eab00000,0x00000000eaf80000,0x00000000eaf80000)
  from space 2048K, 92% used [0x00000000eb380000,0x00000000eb557688,0x00000000eb580000)
  to   space 2048K, 0% used [0x00000000eb180000,0x00000000eb180000,0x00000000eb380000)
 ParOldGen       total 77312K, used 52212K [0x00000000c0000000, 0x00000000c4b80000, 0x00000000eab00000)
  object space 77312K, 67% used [0x00000000c0000000,0x00000000c32fd0f8,0x00000000c4b80000)
 Metaspace       used 63781K, committed 65152K, reserved 1114112K
  class space    used 7760K, committed 8384K, reserved 1048576K
}
Event: 96.523 GC heap after
{Heap after GC invocations=193 (full 4):
 PSYoungGen      total 5632K, used 544K [0x00000000eab00000, 0x00000000eb400000, 0x0000000100000000)
  eden space 4608K, 0% used [0x00000000eab00000,0x00000000eab00000,0x00000000eaf80000)
  from space 1024K, 53% used [0x00000000eb180000,0x00000000eb208000,0x00000000eb280000)
  to   space 1536K, 0% used [0x00000000eb280000,0x00000000eb280000,0x00000000eb400000)
 ParOldGen       total 77312K, used 54004K [0x00000000c0000000, 0x00000000c4b80000, 0x00000000eab00000)
  object space 77312K, 69% used [0x00000000c0000000,0x00000000c34bd020,0x00000000c4b80000)
 Metaspace       used 63781K, committed 65152K, reserved 1114112K
  class space    used 7760K, committed 8384K, reserved 1048576K
}
Event: 96.684 GC heap before
{Heap before GC invocations=194 (full 4):
 PSYoungGen      total 5632K, used 5152K [0x00000000eab00000, 0x00000000eb400000, 0x0000000100000000)
  eden space 4608K, 100% used [0x00000000eab00000,0x00000000eaf80000,0x00000000eaf80000)
  from space 1024K, 53% used [0x00000000eb180000,0x00000000eb208000,0x00000000eb280000)
  to   space 1536K, 0% used [0x00000000eb280000,0x00000000eb280000,0x00000000eb400000)
 ParOldGen       total 77312K, used 54004K [0x00000000c0000000, 0x00000000c4b80000, 0x00000000eab00000)
  object space 77312K, 69% used [0x00000000c0000000,0x00000000c34bd020,0x00000000c4b80000)
 Metaspace       used 63945K, committed 65280K, reserved 1114112K
  class space    used 7788K, committed 8384K, reserved 1048576K
}
Event: 96.687 GC heap after
{Heap after GC invocations=194 (full 4):
 PSYoungGen      total 5632K, used 654K [0x00000000eab00000, 0x00000000eb380000, 0x0000000100000000)
  eden space 4608K, 0% used [0x00000000eab00000,0x00000000eab00000,0x00000000eaf80000)
  from space 1024K, 63% used [0x00000000eb280000,0x00000000eb323a10,0x00000000eb380000)
  to   space 1024K, 0% used [0x00000000eb180000,0x00000000eb180000,0x00000000eb280000)
 ParOldGen       total 77312K, used 54348K [0x00000000c0000000, 0x00000000c4b80000, 0x00000000eab00000)
  object space 77312K, 70% used [0x00000000c0000000,0x00000000c3513020,0x00000000c4b80000)
 Metaspace       used 63945K, committed 65280K, reserved 1114112K
  class space    used 7788K, committed 8384K, reserved 1048576K
}
Event: 97.897 GC heap before
{Heap before GC invocations=195 (full 4):
 PSYoungGen      total 5632K, used 5262K [0x00000000eab00000, 0x00000000eb380000, 0x0000000100000000)
  eden space 4608K, 100% used [0x00000000eab00000,0x00000000eaf80000,0x00000000eaf80000)
  from space 1024K, 63% used [0x00000000eb280000,0x00000000eb323a10,0x00000000eb380000)
  to   space 1024K, 0% used [0x00000000eb180000,0x00000000eb180000,0x00000000eb280000)
 ParOldGen       total 77312K, used 54348K [0x00000000c0000000, 0x00000000c4b80000, 0x00000000eab00000)
  object space 77312K, 70% used [0x00000000c0000000,0x00000000c3513020,0x00000000c4b80000)
 Metaspace       used 63999K, committed 65408K, reserved 1114112K
  class space    used 7795K, committed 8448K, reserved 1048576K
}
Event: 97.899 GC heap after
{Heap after GC invocations=195 (full 4):
 PSYoungGen      total 5632K, used 256K [0x00000000eab00000, 0x00000000eb300000, 0x0000000100000000)
  eden space 4608K, 0% used [0x00000000eab00000,0x00000000eab00000,0x00000000eaf80000)
  from space 1024K, 25% used [0x00000000eb180000,0x00000000eb1c0000,0x00000000eb280000)
  to   space 512K, 0% used [0x00000000eb280000,0x00000000eb280000,0x00000000eb300000)
 ParOldGen       total 77312K, used 54585K [0x00000000c0000000, 0x00000000c4b80000, 0x00000000eab00000)
  object space 77312K, 70% used [0x00000000c0000000,0x00000000c354e558,0x00000000c4b80000)
 Metaspace       used 63999K, committed 65408K, reserved 1114112K
  class space    used 7795K, committed 8448K, reserved 1048576K
}

